0 info it worked if it ends with ok
1 verbose cli [ 'C:\\Program Files\\nodejs\\node.exe',
1 verbose cli   'C:\\Users\\Evgeni\\AppData\\Roaming\\npm\\node_modules\\npm\\bin\\npm-cli.js',
1 verbose cli   'start' ]
2 info using npm@3.10.7
3 info using node@v6.5.0
4 verbose run-script [ 'prestart', 'start', 'poststart' ]
5 info lifecycle application-misoi-bsuir@0.0.1~prestart: application-misoi-bsuir@0.0.1
6 silly lifecycle application-misoi-bsuir@0.0.1~prestart: no script for prestart, continuing
7 info lifecycle application-misoi-bsuir@0.0.1~start: application-misoi-bsuir@0.0.1
8 verbose lifecycle application-misoi-bsuir@0.0.1~start: unsafe-perm in lifecycle true
9 verbose lifecycle application-misoi-bsuir@0.0.1~start: PATH: C:\Users\Evgeni\AppData\Roaming\npm\node_modules\npm\bin\node-gyp-bin;D:\Учеба\misoihttps\misoi_2016\node_modules\.bin;C:\ProgramData\Oracle\Java\javapath;C:\WINDOWS\system32;C:\WINDOWS;C:\WINDOWS\System32\Wbem;C:\WINDOWS\System32\WindowsPowerShell\v1.0\;C:\Program Files (x86)\Windows Kits\8.1\Windows Performance Toolkit\;C:\Program Files\Microsoft SQL Server\110\Tools\Binn\;C:\Program Files (x86)\Microsoft SQL Server\110\Tools\Binn\;C:\Program Files\Microsoft SQL Server\110\DTS\Binn\;C:\Program Files (x86)\Microsoft SQL Server\110\Tools\Binn\ManagementStudio\;C:\Program Files (x86)\Microsoft SQL Server\110\DTS\Binn\;C:\Program Files (x86)\Skype\Phone\;C:\Program Files\MongoDB\Server\3.2\bin;C:\Program Files\nodejs\;C:\Program Files\Git\bin;C:\Program Files\Git\cmd;C:\Program Files (x86)\Git\bin);C:\OpenServer\modules\php\PHP-5.6;C:\Users\Evgeni\AppData\Local\atom\bin;C:\Users\Evgeni\AppData\Roaming\npm;%USERPROFILE%\AppData\Local\Microsoft\WindowsApps;;C:\Users\Evgeni\.lein\bin
10 verbose lifecycle application-misoi-bsuir@0.0.1~start: CWD: D:\Учеба\misoihttps\misoi_2016
11 silly lifecycle application-misoi-bsuir@0.0.1~start: Args: [ '/d /s /c', 'node server.js' ]
12 silly lifecycle application-misoi-bsuir@0.0.1~start: Returned: code: 1  signal: null
13 info lifecycle application-misoi-bsuir@0.0.1~start: Failed to exec start script
14 verbose stack Error: application-misoi-bsuir@0.0.1 start: `node server.js`
14 verbose stack Exit status 1
14 verbose stack     at EventEmitter.<anonymous> (C:\Users\Evgeni\AppData\Roaming\npm\node_modules\npm\lib\utils\lifecycle.js:255:16)
14 verbose stack     at emitTwo (events.js:106:13)
14 verbose stack     at EventEmitter.emit (events.js:191:7)
14 verbose stack     at ChildProcess.<anonymous> (C:\Users\Evgeni\AppData\Roaming\npm\node_modules\npm\lib\utils\spawn.js:40:14)
14 verbose stack     at emitTwo (events.js:106:13)
14 verbose stack     at ChildProcess.emit (events.js:191:7)
14 verbose stack     at maybeClose (internal/child_process.js:877:16)
14 verbose stack     at Process.ChildProcess._handle.onexit (internal/child_process.js:226:5)
15 verbose pkgid application-misoi-bsuir@0.0.1
16 verbose cwd D:\Учеба\misoihttps\misoi_2016
17 error Windows_NT 10.0.14393
18 error argv "C:\\Program Files\\nodejs\\node.exe" "C:\\Users\\Evgeni\\AppData\\Roaming\\npm\\node_modules\\npm\\bin\\npm-cli.js" "start"
19 error node v6.5.0
20 error npm  v3.10.7
21 error code ELIFECYCLE
22 error application-misoi-bsuir@0.0.1 start: `node server.js`
22 error Exit status 1
23 error Failed at the application-misoi-bsuir@0.0.1 start script 'node server.js'.
23 error Make sure you have the latest version of node.js and npm installed.
23 error If you do, this is most likely a problem with the application-misoi-bsuir package,
23 error not with npm itself.
23 error Tell the author that this fails on your system:
23 error     node server.js
23 error You can get information on how to open an issue for this project with:
23 error     npm bugs application-misoi-bsuir
23 error Or if that isn't available, you can get their info via:
23 error     npm owner ls application-misoi-bsuir
23 error There is likely additional logging output above.
24 verbose exit [ 1, true ]
